2025-01-12 21:54:00,628:ERROR:Error executing AuthT: Command '['python', 'AuthT']' returned non-zero exit status 2.
2025-01-12 21:54:00,738:ERROR:Failed to send email: [Errno 11001] getaddrinfo failed
2025-01-12 21:54:06,361:INFO:CreateCasebookT.py executed successfully
2025-01-12 21:54:07,020:ERROR:Error executing Subject_Ev_Date.py: Command '['python', 'Subject_Ev_Date.py']' returned non-zero exit status 1.
2025-01-12 21:54:07,025:ERROR:Failed to send email: [Errno 11001] getaddrinfo failed
2025-01-12 21:58:01,963:INFO:AuthT.py executed successfully
2025-01-12 21:58:06,321:INFO:CreateCasebookT.py executed successfully
2025-01-12 21:58:10,046:ERROR:Error executing Subject_Ev_Date.py: Command '['python', 'Subject_Ev_Date.py']' returned non-zero exit status 1.
2025-01-12 21:58:10,055:ERROR:Failed to send email: [Errno 11001] getaddrinfo failed
2025-01-12 22:01:01,321:INFO:AuthT.py executed successfully
2025-01-12 22:01:05,031:INFO:CreateCasebookT.py executed successfully
2025-01-12 22:01:45,692:INFO:Subject_Ev_Date.py executed successfully
2025-01-20 09:01:00,654:ERROR:Error executing AuthT.py: Command '['python', 'AuthT.py']' returned non-zero exit status 1.
2025-01-20 09:01:00,754:ERROR:Error executing CreateCasebookT.py: Command '['python', 'CreateCasebookT.py']' returned non-zero exit status 1.
2025-01-20 09:01:00,842:ERROR:Error executing Subject_Ev_Date.py: Command '['python', 'Subject_Ev_Date.py']' returned non-zero exit status 1.
2025-01-20 09:01:00,928:ERROR:Error executing subject.py: Command '['python', 'subject.py']' returned non-zero exit status 1.
2025-01-20 09:01:01,012:ERROR:Error executing Event_DM_T.py: Command '['python', 'Event_DM_T.py']' returned non-zero exit status 1.
2025-01-20 09:01:01,105:ERROR:Error executing visitzero.py: Command '['python', 'visitzero.py']' returned non-zero exit status 1.
2025-01-20 09:01:01,199:ERROR:Error executing IC_Ev_Date.py: Command '['python', 'IC_Ev_Date.py']' returned non-zero exit status 1.
2025-01-20 09:01:01,307:ERROR:Error executing Event_IC_T.py: Command '['python', 'Event_IC_T.py']' returned non-zero exit status 1.
2025-01-20 09:01:01,383:ERROR:Error executing SetEvent_Ex_In_Elig.py: Command '['python', 'SetEvent_Ex_In_Elig.py']' returned non-zero exit status 2.
2025-01-20 09:01:01,475:ERROR:Error executing VitalSignScreening.py: Command '['python', 'VitalSignScreening.py']' returned non-zero exit status 1.
2025-01-20 09:01:01,566:ERROR:Error executing Inc_Ex.py: Command '['python', 'Inc_Ex.py']' returned non-zero exit status 1.
2025-01-20 09:01:01,666:ERROR:Error executing Eligibility.py: Command '['python', 'Eligibility.py']' returned non-zero exit status 1.
2025-01-20 09:01:01,757:ERROR:Error executing Eventgroups.py: Command '['python', 'Eventgroups.py']' returned non-zero exit status 1.
2025-01-20 09:01:01,847:ERROR:Error executing VisitOneDate.py: Command '['python', 'VisitOneDate.py']' returned non-zero exit status 1.
2025-01-20 09:01:01,943:ERROR:Error executing SamplingTimePoints.py: Command '['python', 'SamplingTimePoints.py']' returned non-zero exit status 1.
2025-01-20 09:01:02,065:ERROR:Error executing DrugAdmin.py: Command '['python', 'DrugAdmin.py']' returned non-zero exit status 1.
2025-01-20 09:01:02,166:ERROR:Error executing SubstanceUse.py: Command '['python', 'SubstanceUse.py']' returned non-zero exit status 1.
2025-01-20 09:01:02,258:ERROR:Error executing VitalSignvisitoneTreatment.py: Command '['python', 'VitalSignvisitoneTreatment.py']' returned non-zero exit status 1.
2025-01-20 09:01:02,346:ERROR:Error executing SetEventDateEndOfStudy.py: Command '['python', 'SetEventDateEndOfStudy.py']' returned non-zero exit status 1.
2025-01-20 09:01:02,410:ERROR:Error executing EndOfTreatment: Command '['python', 'EndOfTreatment']' returned non-zero exit status 2.
2025-01-20 10:17:00,174:ERROR:Error executing AuthT.py: Command '['python', 'AuthT.py']' returned non-zero exit status 1.
2025-01-20 10:17:00,278:ERROR:Error executing CreateCasebookT.py: Command '['python', 'CreateCasebookT.py']' returned non-zero exit status 1.
2025-01-20 10:17:00,385:ERROR:Error executing Subject_Ev_Date.py: Command '['python', 'Subject_Ev_Date.py']' returned non-zero exit status 1.
2025-01-20 10:17:00,489:ERROR:Error executing subject.py: Command '['python', 'subject.py']' returned non-zero exit status 1.
2025-01-20 10:17:00,595:ERROR:Error executing Event_DM_T.py: Command '['python', 'Event_DM_T.py']' returned non-zero exit status 1.
2025-01-20 10:17:00,706:ERROR:Error executing visitzero.py: Command '['python', 'visitzero.py']' returned non-zero exit status 1.
2025-01-20 10:17:00,807:ERROR:Error executing IC_Ev_Date.py: Command '['python', 'IC_Ev_Date.py']' returned non-zero exit status 1.
2025-01-20 10:17:00,916:ERROR:Error executing Event_IC_T.py: Command '['python', 'Event_IC_T.py']' returned non-zero exit status 1.
2025-01-20 10:17:01,017:ERROR:Error executing SetEventEx_In_Elig.py: Command '['python', 'SetEventEx_In_Elig.py']' returned non-zero exit status 1.
2025-01-20 10:17:01,118:ERROR:Error executing VitalSignScreening.py: Command '['python', 'VitalSignScreening.py']' returned non-zero exit status 1.
2025-01-20 10:17:01,223:ERROR:Error executing Inc_Ex.py: Command '['python', 'Inc_Ex.py']' returned non-zero exit status 1.
2025-01-20 10:17:01,324:ERROR:Error executing Eligibility.py: Command '['python', 'Eligibility.py']' returned non-zero exit status 1.
2025-01-20 10:17:01,421:ERROR:Error executing Eventgroups.py: Command '['python', 'Eventgroups.py']' returned non-zero exit status 1.
2025-01-20 10:17:01,518:ERROR:Error executing VisitOneDate.py: Command '['python', 'VisitOneDate.py']' returned non-zero exit status 1.
2025-01-20 10:17:01,617:ERROR:Error executing SamplingTimePoints.py: Command '['python', 'SamplingTimePoints.py']' returned non-zero exit status 1.
2025-01-20 10:17:01,715:ERROR:Error executing DrugAdmin.py: Command '['python', 'DrugAdmin.py']' returned non-zero exit status 1.
2025-01-20 10:17:01,817:ERROR:Error executing SubstanceUse.py: Command '['python', 'SubstanceUse.py']' returned non-zero exit status 1.
2025-01-20 10:17:01,924:ERROR:Error executing VitalSignvisitoneTreatment.py: Command '['python', 'VitalSignvisitoneTreatment.py']' returned non-zero exit status 1.
2025-01-20 10:17:02,027:ERROR:Error executing SetEventDateEndOfStudy.py: Command '['python', 'SetEventDateEndOfStudy.py']' returned non-zero exit status 1.
2025-01-20 10:17:02,209:ERROR:Error executing EndOfTreatment.py: Command '['python', 'EndOfTreatment.py']' returned non-zero exit status 1.
2025-01-20 10:19:00,636:ERROR:Error executing AuthT.py: Command '['python', 'AuthT.py']' returned non-zero exit status 1.
2025-01-20 10:19:00,750:ERROR:Error executing CreateCasebookT.py: Command '['python', 'CreateCasebookT.py']' returned non-zero exit status 1.
2025-01-20 10:19:00,878:ERROR:Error executing Subject_Ev_Date.py: Command '['python', 'Subject_Ev_Date.py']' returned non-zero exit status 1.
2025-01-20 10:19:00,978:ERROR:Error executing subject.py: Command '['python', 'subject.py']' returned non-zero exit status 1.
2025-01-20 10:19:01,085:ERROR:Error executing Event_DM_T.py: Command '['python', 'Event_DM_T.py']' returned non-zero exit status 1.
2025-01-20 10:19:01,180:ERROR:Error executing visitzero.py: Command '['python', 'visitzero.py']' returned non-zero exit status 1.
2025-01-20 10:19:01,282:ERROR:Error executing IC_Ev_Date.py: Command '['python', 'IC_Ev_Date.py']' returned non-zero exit status 1.
2025-01-20 10:19:01,387:ERROR:Error executing Event_IC_T.py: Command '['python', 'Event_IC_T.py']' returned non-zero exit status 1.
2025-01-20 10:19:01,488:ERROR:Error executing SetEventEx_In_Elig.py: Command '['python', 'SetEventEx_In_Elig.py']' returned non-zero exit status 1.
2025-01-20 10:19:01,595:ERROR:Error executing VitalSignScreening.py: Command '['python', 'VitalSignScreening.py']' returned non-zero exit status 1.
2025-01-20 10:19:01,696:ERROR:Error executing Inc_Ex.py: Command '['python', 'Inc_Ex.py']' returned non-zero exit status 1.
2025-01-20 10:19:01,817:ERROR:Error executing Eligibility.py: Command '['python', 'Eligibility.py']' returned non-zero exit status 1.
2025-01-20 10:19:01,916:ERROR:Error executing Eventgroups.py: Command '['python', 'Eventgroups.py']' returned non-zero exit status 1.
2025-01-20 10:19:02,016:ERROR:Error executing VisitOneDate.py: Command '['python', 'VisitOneDate.py']' returned non-zero exit status 1.
2025-01-20 10:19:02,117:ERROR:Error executing SamplingTimePoints.py: Command '['python', 'SamplingTimePoints.py']' returned non-zero exit status 1.
2025-01-20 10:19:02,220:ERROR:Error executing DrugAdmin.py: Command '['python', 'DrugAdmin.py']' returned non-zero exit status 1.
2025-01-20 10:19:02,325:ERROR:Error executing SubstanceUse.py: Command '['python', 'SubstanceUse.py']' returned non-zero exit status 1.
2025-01-20 10:19:02,432:ERROR:Error executing VitalSignvisitoneTreatment.py: Command '['python', 'VitalSignvisitoneTreatment.py']' returned non-zero exit status 1.
2025-01-20 10:19:02,545:ERROR:Error executing SetEventDateEndOfStudy.py: Command '['python', 'SetEventDateEndOfStudy.py']' returned non-zero exit status 1.
2025-01-20 10:19:02,649:ERROR:Error executing EndOfTreatment.py: Command '['python', 'EndOfTreatment.py']' returned non-zero exit status 1.
2025-01-20 10:21:00,917:ERROR:Error executing AuthT.py: Command '['python', 'AuthT.py']' returned non-zero exit status 1.
2025-01-20 10:21:01,029:ERROR:Error executing CreateCasebookT.py: Command '['python', 'CreateCasebookT.py']' returned non-zero exit status 1.
2025-01-20 10:21:01,149:ERROR:Error executing Subject_Ev_Date.py: Command '['python', 'Subject_Ev_Date.py']' returned non-zero exit status 1.
2025-01-20 10:21:01,274:ERROR:Error executing subject.py: Command '['python', 'subject.py']' returned non-zero exit status 1.
2025-01-20 10:21:01,403:ERROR:Error executing Event_DM_T.py: Command '['python', 'Event_DM_T.py']' returned non-zero exit status 1.
2025-01-20 10:21:01,524:ERROR:Error executing visitzero.py: Command '['python', 'visitzero.py']' returned non-zero exit status 1.
2025-01-20 10:21:01,646:ERROR:Error executing IC_Ev_Date.py: Command '['python', 'IC_Ev_Date.py']' returned non-zero exit status 1.
2025-01-20 10:21:01,770:ERROR:Error executing Event_IC_T.py: Command '['python', 'Event_IC_T.py']' returned non-zero exit status 1.
2025-01-20 10:21:01,908:ERROR:Error executing SetEventEx_In_Elig.py: Command '['python', 'SetEventEx_In_Elig.py']' returned non-zero exit status 1.
2025-01-20 10:21:02,021:ERROR:Error executing VitalSignScreening.py: Command '['python', 'VitalSignScreening.py']' returned non-zero exit status 1.
2025-01-20 10:21:02,134:ERROR:Error executing Inc_Ex.py: Command '['python', 'Inc_Ex.py']' returned non-zero exit status 1.
2025-01-20 10:21:02,255:ERROR:Error executing Eligibility.py: Command '['python', 'Eligibility.py']' returned non-zero exit status 1.
2025-01-20 10:21:02,359:ERROR:Error executing Eventgroups.py: Command '['python', 'Eventgroups.py']' returned non-zero exit status 1.
2025-01-20 10:21:02,471:ERROR:Error executing VisitOneDate.py: Command '['python', 'VisitOneDate.py']' returned non-zero exit status 1.
2025-01-20 10:21:02,588:ERROR:Error executing SamplingTimePoints.py: Command '['python', 'SamplingTimePoints.py']' returned non-zero exit status 1.
2025-01-20 10:21:02,712:ERROR:Error executing DrugAdmin.py: Command '['python', 'DrugAdmin.py']' returned non-zero exit status 1.
2025-01-20 10:21:02,829:ERROR:Error executing SubstanceUse.py: Command '['python', 'SubstanceUse.py']' returned non-zero exit status 1.
2025-01-20 10:21:02,998:ERROR:Error executing VitalSignvisitoneTreatment.py: Command '['python', 'VitalSignvisitoneTreatment.py']' returned non-zero exit status 1.
2025-01-20 10:21:03,137:ERROR:Error executing SetEventDateEndOfStudy.py: Command '['python', 'SetEventDateEndOfStudy.py']' returned non-zero exit status 1.
2025-01-20 10:21:03,292:ERROR:Error executing EndOfTreatment.py: Command '['python', 'EndOfTreatment.py']' returned non-zero exit status 1.
2025-01-20 10:25:00,687:ERROR:Error executing AuthT.py: Command '['python', 'AuthT.py']' returned non-zero exit status 1.
2025-01-20 10:25:00,805:ERROR:Error executing CreateCasebookT.py: Command '['python', 'CreateCasebookT.py']' returned non-zero exit status 1.
2025-01-20 10:25:00,904:ERROR:Error executing Subject_Ev_Date.py: Command '['python', 'Subject_Ev_Date.py']' returned non-zero exit status 1.
2025-01-20 10:25:01,004:ERROR:Error executing subject.py: Command '['python', 'subject.py']' returned non-zero exit status 1.
2025-01-20 10:25:01,106:ERROR:Error executing Event_DM_T.py: Command '['python', 'Event_DM_T.py']' returned non-zero exit status 1.
2025-01-20 10:25:01,205:ERROR:Error executing visitzero.py: Command '['python', 'visitzero.py']' returned non-zero exit status 1.
2025-01-20 10:25:01,307:ERROR:Error executing IC_Ev_Date.py: Command '['python', 'IC_Ev_Date.py']' returned non-zero exit status 1.
2025-01-20 10:25:01,409:ERROR:Error executing Event_IC_T.py: Command '['python', 'Event_IC_T.py']' returned non-zero exit status 1.
2025-01-20 10:25:01,524:ERROR:Error executing SetEventEx_In_Elig.py: Command '['python', 'SetEventEx_In_Elig.py']' returned non-zero exit status 1.
2025-01-20 10:25:01,631:ERROR:Error executing VitalSignScreening.py: Command '['python', 'VitalSignScreening.py']' returned non-zero exit status 1.
2025-01-20 10:25:01,728:ERROR:Error executing Inc_Ex.py: Command '['python', 'Inc_Ex.py']' returned non-zero exit status 1.
2025-01-20 10:25:01,825:ERROR:Error executing Eligibility.py: Command '['python', 'Eligibility.py']' returned non-zero exit status 1.
2025-01-20 10:25:01,925:ERROR:Error executing Eventgroups.py: Command '['python', 'Eventgroups.py']' returned non-zero exit status 1.
2025-01-20 10:25:02,024:ERROR:Error executing VisitOneDate.py: Command '['python', 'VisitOneDate.py']' returned non-zero exit status 1.
2025-01-20 10:25:02,128:ERROR:Error executing SamplingTimePoints.py: Command '['python', 'SamplingTimePoints.py']' returned non-zero exit status 1.
2025-01-20 10:25:02,230:ERROR:Error executing DrugAdmin.py: Command '['python', 'DrugAdmin.py']' returned non-zero exit status 1.
2025-01-20 10:25:02,332:ERROR:Error executing SubstanceUse.py: Command '['python', 'SubstanceUse.py']' returned non-zero exit status 1.
2025-01-20 10:25:02,428:ERROR:Error executing VitalSignvisitoneTreatment.py: Command '['python', 'VitalSignvisitoneTreatment.py']' returned non-zero exit status 1.
2025-01-20 10:25:02,527:ERROR:Error executing SetEventDateEndOfStudy.py: Command '['python', 'SetEventDateEndOfStudy.py']' returned non-zero exit status 1.
2025-01-20 10:25:02,626:ERROR:Error executing EndOfTreatment.py: Command '['python', 'EndOfTreatment.py']' returned non-zero exit status 1.
2025-01-20 10:38:00,660:ERROR:Error executing AuthT.py: Command '['python', 'AuthT.py']' returned non-zero exit status 1.
2025-01-20 10:38:00,775:ERROR:Error executing CreateCasebookT.py: Command '['python', 'CreateCasebookT.py']' returned non-zero exit status 1.
2025-01-20 10:38:00,891:ERROR:Error executing Subject_Ev_Date.py: Command '['python', 'Subject_Ev_Date.py']' returned non-zero exit status 1.
2025-01-20 10:38:00,995:ERROR:Error executing subject.py: Command '['python', 'subject.py']' returned non-zero exit status 1.
2025-01-20 10:38:01,108:ERROR:Error executing Event_DM_T.py: Command '['python', 'Event_DM_T.py']' returned non-zero exit status 1.
2025-01-20 10:38:01,218:ERROR:Error executing visitzero.py: Command '['python', 'visitzero.py']' returned non-zero exit status 1.
2025-01-20 10:38:01,327:ERROR:Error executing IC_Ev_Date.py: Command '['python', 'IC_Ev_Date.py']' returned non-zero exit status 1.
2025-01-20 10:38:01,448:ERROR:Error executing Event_IC_T.py: Command '['python', 'Event_IC_T.py']' returned non-zero exit status 1.
2025-01-20 10:38:01,561:ERROR:Error executing SetEventEx_In_Elig.py: Command '['python', 'SetEventEx_In_Elig.py']' returned non-zero exit status 1.
2025-01-20 10:38:01,674:ERROR:Error executing VitalSignScreening.py: Command '['python', 'VitalSignScreening.py']' returned non-zero exit status 1.
2025-01-20 10:38:01,781:ERROR:Error executing Inc_Ex.py: Command '['python', 'Inc_Ex.py']' returned non-zero exit status 1.
2025-01-20 10:38:01,892:ERROR:Error executing Eligibility.py: Command '['python', 'Eligibility.py']' returned non-zero exit status 1.
2025-01-20 10:38:02,001:ERROR:Error executing Eventgroups.py: Command '['python', 'Eventgroups.py']' returned non-zero exit status 1.
2025-01-20 10:38:02,110:ERROR:Error executing VisitOneDate.py: Command '['python', 'VisitOneDate.py']' returned non-zero exit status 1.
2025-01-20 10:38:02,217:ERROR:Error executing SamplingTimePoints.py: Command '['python', 'SamplingTimePoints.py']' returned non-zero exit status 1.
2025-01-20 10:38:02,327:ERROR:Error executing DrugAdmin.py: Command '['python', 'DrugAdmin.py']' returned non-zero exit status 1.
2025-01-20 10:38:02,438:ERROR:Error executing SubstanceUse.py: Command '['python', 'SubstanceUse.py']' returned non-zero exit status 1.
2025-01-20 10:38:02,550:ERROR:Error executing VitalSignvisitoneTreatment.py: Command '['python', 'VitalSignvisitoneTreatment.py']' returned non-zero exit status 1.
2025-01-20 10:38:02,658:ERROR:Error executing SetEventDateEndOfStudy.py: Command '['python', 'SetEventDateEndOfStudy.py']' returned non-zero exit status 1.
2025-01-20 10:38:02,755:ERROR:Error executing EndOfTreatment.py: Command '['python', 'EndOfTreatment.py']' returned non-zero exit status 1.
2025-01-20 10:39:01,099:ERROR:Error executing AuthT.py: Command '['python', 'AuthT.py']' returned non-zero exit status 1.
2025-01-20 10:39:01,198:ERROR:Error executing CreateCasebookT.py: Command '['python', 'CreateCasebookT.py']' returned non-zero exit status 1.
2025-01-20 10:39:01,303:ERROR:Error executing Subject_Ev_Date.py: Command '['python', 'Subject_Ev_Date.py']' returned non-zero exit status 1.
2025-01-20 10:39:01,410:ERROR:Error executing subject.py: Command '['python', 'subject.py']' returned non-zero exit status 1.
2025-01-20 10:39:01,509:ERROR:Error executing Event_DM_T.py: Command '['python', 'Event_DM_T.py']' returned non-zero exit status 1.
2025-01-20 10:39:01,608:ERROR:Error executing visitzero.py: Command '['python', 'visitzero.py']' returned non-zero exit status 1.
2025-01-20 10:39:01,706:ERROR:Error executing IC_Ev_Date.py: Command '['python', 'IC_Ev_Date.py']' returned non-zero exit status 1.
2025-01-20 10:39:01,807:ERROR:Error executing Event_IC_T.py: Command '['python', 'Event_IC_T.py']' returned non-zero exit status 1.
2025-01-20 10:39:01,912:ERROR:Error executing SetEventEx_In_Elig.py: Command '['python', 'SetEventEx_In_Elig.py']' returned non-zero exit status 1.
2025-01-20 10:39:02,021:ERROR:Error executing VitalSignScreening.py: Command '['python', 'VitalSignScreening.py']' returned non-zero exit status 1.
2025-01-20 10:39:02,133:ERROR:Error executing Inc_Ex.py: Command '['python', 'Inc_Ex.py']' returned non-zero exit status 1.
2025-01-20 10:39:02,242:ERROR:Error executing Eligibility.py: Command '['python', 'Eligibility.py']' returned non-zero exit status 1.
2025-01-20 10:39:02,345:ERROR:Error executing Eventgroups.py: Command '['python', 'Eventgroups.py']' returned non-zero exit status 1.
2025-01-20 10:39:02,452:ERROR:Error executing VisitOneDate.py: Command '['python', 'VisitOneDate.py']' returned non-zero exit status 1.
2025-01-20 10:39:02,561:ERROR:Error executing SamplingTimePoints.py: Command '['python', 'SamplingTimePoints.py']' returned non-zero exit status 1.
2025-01-20 10:39:02,666:ERROR:Error executing DrugAdmin.py: Command '['python', 'DrugAdmin.py']' returned non-zero exit status 1.
2025-01-20 10:39:02,769:ERROR:Error executing SubstanceUse.py: Command '['python', 'SubstanceUse.py']' returned non-zero exit status 1.
2025-01-20 10:39:02,907:ERROR:Error executing VitalSignvisitoneTreatment.py: Command '['python', 'VitalSignvisitoneTreatment.py']' returned non-zero exit status 1.
2025-01-20 10:39:03,018:ERROR:Error executing SetEventDateEndOfStudy.py: Command '['python', 'SetEventDateEndOfStudy.py']' returned non-zero exit status 1.
2025-01-20 10:39:03,132:ERROR:Error executing EndOfTreatment.py: Command '['python', 'EndOfTreatment.py']' returned non-zero exit status 1.
2025-01-20 10:42:01,043:ERROR:Error executing AuthT.py: Command '['python', 'AuthT.py']' returned non-zero exit status 1.
2025-01-20 10:42:01,170:ERROR:Error executing CreateCasebookT.py: Command '['python', 'CreateCasebookT.py']' returned non-zero exit status 1.
2025-01-20 10:42:01,279:ERROR:Error executing Subject_Ev_Date.py: Command '['python', 'Subject_Ev_Date.py']' returned non-zero exit status 1.
2025-01-20 10:42:01,379:ERROR:Error executing subject.py: Command '['python', 'subject.py']' returned non-zero exit status 1.
2025-01-20 10:42:01,477:ERROR:Error executing Event_DM_T.py: Command '['python', 'Event_DM_T.py']' returned non-zero exit status 1.
2025-01-20 10:42:01,577:ERROR:Error executing visitzero.py: Command '['python', 'visitzero.py']' returned non-zero exit status 1.
2025-01-20 10:42:01,675:ERROR:Error executing IC_Ev_Date.py: Command '['python', 'IC_Ev_Date.py']' returned non-zero exit status 1.
2025-01-20 10:42:01,773:ERROR:Error executing Event_IC_T.py: Command '['python', 'Event_IC_T.py']' returned non-zero exit status 1.
2025-01-20 10:42:01,879:ERROR:Error executing SetEventEx_In_Elig.py: Command '['python', 'SetEventEx_In_Elig.py']' returned non-zero exit status 1.
2025-01-20 10:42:01,982:ERROR:Error executing VitalSignScreening.py: Command '['python', 'VitalSignScreening.py']' returned non-zero exit status 1.
2025-01-20 10:42:02,091:ERROR:Error executing Inc_Ex.py: Command '['python', 'Inc_Ex.py']' returned non-zero exit status 1.
2025-01-20 10:42:02,217:ERROR:Error executing Eligibility.py: Command '['python', 'Eligibility.py']' returned non-zero exit status 1.
2025-01-20 10:42:02,312:ERROR:Error executing Eventgroups.py: Command '['python', 'Eventgroups.py']' returned non-zero exit status 1.
2025-01-20 10:42:02,416:ERROR:Error executing VisitOneDate.py: Command '['python', 'VisitOneDate.py']' returned non-zero exit status 1.
2025-01-20 10:42:02,519:ERROR:Error executing SamplingTimePoints.py: Command '['python', 'SamplingTimePoints.py']' returned non-zero exit status 1.
2025-01-20 10:42:02,616:ERROR:Error executing DrugAdmin.py: Command '['python', 'DrugAdmin.py']' returned non-zero exit status 1.
2025-01-20 10:42:02,716:ERROR:Error executing SubstanceUse.py: Command '['python', 'SubstanceUse.py']' returned non-zero exit status 1.
2025-01-20 10:42:02,818:ERROR:Error executing VitalSignvisitoneTreatment.py: Command '['python', 'VitalSignvisitoneTreatment.py']' returned non-zero exit status 1.
2025-01-20 10:42:02,920:ERROR:Error executing SetEventDateEndOfStudy.py: Command '['python', 'SetEventDateEndOfStudy.py']' returned non-zero exit status 1.
2025-01-20 10:42:03,022:ERROR:Error executing EndOfTreatment.py: Command '['python', 'EndOfTreatment.py']' returned non-zero exit status 1.
2025-01-20 10:44:00,466:ERROR:Error executing AuthT.py: Command '['python', 'AuthT.py']' returned non-zero exit status 1.
2025-01-20 10:44:00,590:ERROR:Error executing CreateCasebookT.py: Command '['python', 'CreateCasebookT.py']' returned non-zero exit status 1.
2025-01-20 10:44:00,701:ERROR:Error executing Subject_Ev_Date.py: Command '['python', 'Subject_Ev_Date.py']' returned non-zero exit status 1.
2025-01-20 10:44:00,801:ERROR:Error executing subject.py: Command '['python', 'subject.py']' returned non-zero exit status 1.
2025-01-20 10:44:00,904:ERROR:Error executing Event_DM_T.py: Command '['python', 'Event_DM_T.py']' returned non-zero exit status 1.
2025-01-20 10:44:01,008:ERROR:Error executing visitzero.py: Command '['python', 'visitzero.py']' returned non-zero exit status 1.
2025-01-20 10:44:01,114:ERROR:Error executing IC_Ev_Date.py: Command '['python', 'IC_Ev_Date.py']' returned non-zero exit status 1.
2025-01-20 10:44:01,225:ERROR:Error executing Event_IC_T.py: Command '['python', 'Event_IC_T.py']' returned non-zero exit status 1.
2025-01-20 10:44:01,340:ERROR:Error executing SetEventEx_In_Elig.py: Command '['python', 'SetEventEx_In_Elig.py']' returned non-zero exit status 1.
2025-01-20 10:44:01,447:ERROR:Error executing VitalSignScreening.py: Command '['python', 'VitalSignScreening.py']' returned non-zero exit status 1.
2025-01-20 10:44:01,564:ERROR:Error executing Inc_Ex.py: Command '['python', 'Inc_Ex.py']' returned non-zero exit status 1.
2025-01-20 10:44:01,670:ERROR:Error executing Eligibility.py: Command '['python', 'Eligibility.py']' returned non-zero exit status 1.
2025-01-20 10:44:01,769:ERROR:Error executing Eventgroups.py: Command '['python', 'Eventgroups.py']' returned non-zero exit status 1.
2025-01-20 10:44:01,869:ERROR:Error executing VisitOneDate.py: Command '['python', 'VisitOneDate.py']' returned non-zero exit status 1.
2025-01-20 10:44:01,971:ERROR:Error executing SamplingTimePoints.py: Command '['python', 'SamplingTimePoints.py']' returned non-zero exit status 1.
2025-01-20 10:44:02,122:ERROR:Error executing DrugAdmin.py: Command '['python', 'DrugAdmin.py']' returned non-zero exit status 1.
2025-01-20 10:44:02,256:ERROR:Error executing SubstanceUse.py: Command '['python', 'SubstanceUse.py']' returned non-zero exit status 1.
2025-01-20 10:44:02,352:ERROR:Error executing VitalSignvisitoneTreatment.py: Command '['python', 'VitalSignvisitoneTreatment.py']' returned non-zero exit status 1.
2025-01-20 10:44:02,446:ERROR:Error executing SetEventDateEndOfStudy.py: Command '['python', 'SetEventDateEndOfStudy.py']' returned non-zero exit status 1.
2025-01-20 10:44:02,547:ERROR:Error executing EndOfTreatment.py: Command '['python', 'EndOfTreatment.py']' returned non-zero exit status 1.
2025-01-20 10:57:01,675:INFO:AuthT.py executed successfully
2025-01-20 10:58:30,706:INFO:CreateCasebookT.py executed successfully
2025-01-20 11:00:18,535:INFO:Subject_Ev_Date.py executed successfully
2025-01-20 11:02:07,071:INFO:subject.py executed successfully
2025-01-20 11:05:29,177:INFO:Event_DM_T.py executed successfully
2025-01-20 11:12:56,900:INFO:visitzero.py executed successfully
2025-01-20 11:14:23,403:INFO:IC_Ev_Date.py executed successfully
2025-01-20 11:17:40,302:INFO:Event_IC_T.py executed successfully
2025-01-20 11:19:08,016:INFO:SetEventEx_In_Elig.py executed successfully
2025-01-20 11:22:04,297:INFO:VitalSignScreening.py executed successfully
2025-01-20 11:24:46,055:INFO:Inc_Ex.py executed successfully
2025-01-20 11:26:48,391:INFO:Eligibility.py executed successfully
2025-01-20 11:27:31,638:INFO:Eventgroups.py executed successfully
2025-01-20 11:33:26,412:INFO:VisitOneDate.py executed successfully
2025-01-20 12:55:43,503:INFO:SamplingTimePoints.py executed successfully
2025-01-20 13:15:52,176:INFO:DrugAdmin.py executed successfully
2025-01-20 13:17:13,075:INFO:SubstanceUse.py executed successfully
2025-01-20 13:24:51,769:INFO:VitalSignvisitoneTreatment.py executed successfully
2025-01-20 13:25:52,153:INFO:SetEventDateEndOfStudy.py executed successfully
2025-01-20 13:29:13,152:INFO:EndOfTreatment.py executed successfully
2025-01-21 09:59:02,713:INFO:AuthT.py executed successfully
2025-01-21 10:00:11,235:INFO:CreateCasebookT.py executed successfully
2025-01-21 10:01:22,744:INFO:Subject_Ev_Date.py executed successfully
2025-01-21 10:02:45,275:INFO:subject.py executed successfully
2025-01-21 10:05:16,718:INFO:Event_DM_T.py executed successfully
2025-01-21 10:09:11,519:INFO:visitzero.py executed successfully
2025-01-21 10:10:14,629:INFO:IC_Ev_Date.py executed successfully
2025-01-21 10:12:45,121:INFO:Event_IC_T.py executed successfully
2025-01-21 10:13:52,846:INFO:SetEventEx_In_Elig.py executed successfully
2025-01-21 10:15:59,875:ERROR:Error executing VitalSignScreening.py: Command '['C:\\Users\\tesfi\\Documents\\HPC\\myenv\\Scripts\\python.exe', 'VitalSignScreening.py']' returned non-zero exit status 1.
2025-01-21 10:17:59,465:INFO:Inc_Ex.py executed successfully
2025-01-21 10:19:13,799:INFO:Eligibility.py executed successfully
2025-01-21 10:19:48,056:INFO:Eventgroups.py executed successfully
2025-01-21 10:24:03,733:INFO:VisitOneDate.py executed successfully
2025-01-21 11:14:31,057:INFO:SamplingTimePoints.py executed successfully
2025-01-21 11:33:56,017:INFO:DrugAdmin.py executed successfully
2025-01-21 11:35:05,061:INFO:SubstanceUse.py executed successfully
2025-01-21 11:42:41,671:INFO:VitalSignvisitoneTreatment.py executed successfully
2025-01-21 11:43:41,152:INFO:SetEventDateEndOfStudy.py executed successfully
2025-01-21 11:47:01,988:INFO:EndOfTreatment.py executed successfully
